15:09:19.299 ERROR SqlExceptionHelper[logExceptions:142] - [http-nio-8081-exec-2]- traceId:[] - Cannot get a connection, general error
15:09:19.299 ERROR SqlExceptionHelper[logExceptions:142] - [http-nio-8081-exec-3]- traceId:[] - Cannot get a connection, general error
15:09:19.299 ERROR SqlExceptionHelper[logExceptions:142] - [http-nio-8081-exec-1]- traceId:[] - Cannot get a connection, general error
15:09:19.299 ERROR SqlExceptionHelper[logExceptions:142] - [http-nio-8081-exec-10]- traceId:[] - Cannot get a connection, general error
15:09:19.299 ERROR SqlExceptionHelper[logExceptions:142] - [http-nio-8081-exec-9]- traceId:[] - Cannot get a connection, general error
15:13:07.773 ERROR SqlExceptionHelper[logExceptions:142] - [http-nio-8081-exec-9]- traceId:[] - Cannot get a connection, general error
15:13:07.773 ERROR SqlExceptionHelper[logExceptions:142] - [http-nio-8081-exec-10]- traceId:[] - Cannot get a connection, general error
15:13:17.211 ERROR [dispatcherServlet][log:175] - [http-nio-8081-exec-1]- traceId:[] - Servlet.service() for servlet [dispatcherServlet] in context with path [] threw exception [Request processing failed; nested exception is java.lang.IllegalStateException: Illegal attempt to set lock mode on a native SQL query] with root cause
java.lang.IllegalStateException: Illegal attempt to set lock mode on a native SQL query
	at org.hibernate.query.internal.NativeQueryImpl.setLockMode(NativeQueryImpl.java:547)
	at org.hibernate.query.internal.NativeQueryImpl.setLockMode(NativeQueryImpl.java:62)
	at com.example.repository.impl.SpringImpl.update(SpringImpl.java:130)
	at com.example.service.BookstoreService.update(BookstoreService.java:184)
	at com.example.controller.BookstoreController.toUpdate(BookstoreController.java:167)
	at sun.reflect.NativeMethodAccessorImpl.invoke0(Native Method)
	at sun.reflect.NativeMethodAccessorImpl.invoke(NativeMethodAccessorImpl.java:62)
	at sun.reflect.DelegatingMethodAccessorImpl.invoke(DelegatingMethodAccessorImpl.java:43)
	at java.lang.reflect.Method.invoke(Method.java:498)
	at org.springframework.web.method.support.InvocableHandlerMethod.doInvoke(InvocableHandlerMethod.java:190)
	at org.springframework.web.method.support.InvocableHandlerMethod.invokeForRequest(InvocableHandlerMethod.java:138)
	at org.springframework.web.servlet.mvc.method.annotation.ServletInvocableHandlerMethod.invokeAndHandle(ServletInvocableHandlerMethod.java:106)
	at org.springframework.web.servlet.mvc.method.annotation.RequestMappingHandlerAdapter.invokeHandlerMethod(RequestMappingHandlerAdapter.java:888)
	at org.springframework.web.servlet.mvc.method.annotation.RequestMappingHandlerAdapter.handleInternal(RequestMappingHandlerAdapter.java:793)
	at org.springframework.web.servlet.mvc.method.AbstractHandlerMethodAdapter.handle(AbstractHandlerMethodAdapter.java:87)
	at org.springframework.web.servlet.DispatcherServlet.doDispatch(DispatcherServlet.java:1040)
	at org.springframework.web.servlet.DispatcherServlet.doService(DispatcherServlet.java:943)
	at org.springframework.web.servlet.FrameworkServlet.processRequest(FrameworkServlet.java:1006)
	at org.springframework.web.servlet.FrameworkServlet.doGet(FrameworkServlet.java:898)
	at javax.servlet.http.HttpServlet.service(HttpServlet.java:634)
	at org.springframework.web.servlet.FrameworkServlet.service(FrameworkServlet.java:883)
	at javax.servlet.http.HttpServlet.service(HttpServlet.java:741)
	at org.apache.catalina.core.ApplicationFilterChain.internalDoFilter(ApplicationFilterChain.java:231)
	at org.apache.catalina.core.ApplicationFilterChain.doFilter(ApplicationFilterChain.java:166)
	at org.apache.tomcat.websocket.server.WsFilter.doFilter(WsFilter.java:53)
	at org.apache.catalina.core.ApplicationFilterChain.internalDoFilter(ApplicationFilterChain.java:193)
	at org.apache.catalina.core.ApplicationFilterChain.doFilter(ApplicationFilterChain.java:166)
	at org.springframework.web.filter.RequestContextFilter.doFilterInternal(RequestContextFilter.java:100)
	at org.springframework.web.filter.OncePerRequestFilter.doFilter(OncePerRequestFilter.java:119)
	at org.apache.catalina.core.ApplicationFilterChain.internalDoFilter(ApplicationFilterChain.java:193)
	at org.apache.catalina.core.ApplicationFilterChain.doFilter(ApplicationFilterChain.java:166)
	at org.springframework.web.filter.FormContentFilter.doFilterInternal(FormContentFilter.java:93)
	at org.springframework.web.filter.OncePerRequestFilter.doFilter(OncePerRequestFilter.java:119)
	at org.apache.catalina.core.ApplicationFilterChain.internalDoFilter(ApplicationFilterChain.java:193)
	at org.apache.catalina.core.ApplicationFilterChain.doFilter(ApplicationFilterChain.java:166)
	at org.springframework.web.filter.CharacterEncodingFilter.doFilterInternal(CharacterEncodingFilter.java:201)
	at org.springframework.web.filter.OncePerRequestFilter.doFilter(OncePerRequestFilter.java:119)
	at org.apache.catalina.core.ApplicationFilterChain.internalDoFilter(ApplicationFilterChain.java:193)
	at org.apache.catalina.core.ApplicationFilterChain.doFilter(ApplicationFilterChain.java:166)
	at org.apache.catalina.core.StandardWrapperValve.invoke(StandardWrapperValve.java:202)
	at org.apache.catalina.core.StandardContextValve.invoke(StandardContextValve.java:96)
	at org.apache.catalina.authenticator.AuthenticatorBase.invoke(AuthenticatorBase.java:541)
	at org.apache.catalina.core.StandardHostValve.invoke(StandardHostValve.java:139)
	at org.apache.catalina.valves.ErrorReportValve.invoke(ErrorReportValve.java:92)
	at org.apache.catalina.core.StandardEngineValve.invoke(StandardEngineValve.java:74)
	at org.apache.catalina.connector.CoyoteAdapter.service(CoyoteAdapter.java:343)
	at org.apache.coyote.http11.Http11Processor.service(Http11Processor.java:367)
	at org.apache.coyote.AbstractProcessorLight.process(AbstractProcessorLight.java:65)
	at org.apache.coyote.AbstractProtocol$ConnectionHandler.process(AbstractProtocol.java:860)
	at org.apache.tomcat.util.net.NioEndpoint$SocketProcessor.doRun(NioEndpoint.java:1598)
	at org.apache.tomcat.util.net.SocketProcessorBase.run(SocketProcessorBase.java:49)
	at java.util.concurrent.ThreadPoolExecutor.runWorker(ThreadPoolExecutor.java:1149)
	at java.util.concurrent.ThreadPoolExecutor$Worker.run(ThreadPoolExecutor.java:624)
	at org.apache.tomcat.util.threads.TaskThread$WrappingRunnable.run(TaskThread.java:61)
	at java.lang.Thread.run(Thread.java:748)
15:14:05.672 ERROR [dispatcherServlet][log:175] - [http-nio-8081-exec-1]- traceId:[] - Servlet.service() for servlet [dispatcherServlet] in context with path [] threw exception [Request processing failed; nested exception is java.lang.IllegalStateException: Illegal attempt to set lock mode on a native SQL query] with root cause
java.lang.IllegalStateException: Illegal attempt to set lock mode on a native SQL query
	at org.hibernate.query.internal.NativeQueryImpl.setLockMode(NativeQueryImpl.java:547)
	at org.hibernate.query.internal.NativeQueryImpl.setLockMode(NativeQueryImpl.java:62)
	at com.example.repository.impl.SpringImpl.update(SpringImpl.java:128)
	at com.example.service.BookstoreService.update(BookstoreService.java:184)
	at com.example.controller.BookstoreController.toUpdate(BookstoreController.java:167)
	at sun.reflect.NativeMethodAccessorImpl.invoke0(Native Method)
	at sun.reflect.NativeMethodAccessorImpl.invoke(NativeMethodAccessorImpl.java:62)
	at sun.reflect.DelegatingMethodAccessorImpl.invoke(DelegatingMethodAccessorImpl.java:43)
	at java.lang.reflect.Method.invoke(Method.java:498)
	at org.springframework.web.method.support.InvocableHandlerMethod.doInvoke(InvocableHandlerMethod.java:190)
	at org.springframework.web.method.support.InvocableHandlerMethod.invokeForRequest(InvocableHandlerMethod.java:138)
	at org.springframework.web.servlet.mvc.method.annotation.ServletInvocableHandlerMethod.invokeAndHandle(ServletInvocableHandlerMethod.java:106)
	at org.springframework.web.servlet.mvc.method.annotation.RequestMappingHandlerAdapter.invokeHandlerMethod(RequestMappingHandlerAdapter.java:888)
	at org.springframework.web.servlet.mvc.method.annotation.RequestMappingHandlerAdapter.handleInternal(RequestMappingHandlerAdapter.java:793)
	at org.springframework.web.servlet.mvc.method.AbstractHandlerMethodAdapter.handle(AbstractHandlerMethodAdapter.java:87)
	at org.springframework.web.servlet.DispatcherServlet.doDispatch(DispatcherServlet.java:1040)
	at org.springframework.web.servlet.DispatcherServlet.doService(DispatcherServlet.java:943)
	at org.springframework.web.servlet.FrameworkServlet.processRequest(FrameworkServlet.java:1006)
	at org.springframework.web.servlet.FrameworkServlet.doGet(FrameworkServlet.java:898)
	at javax.servlet.http.HttpServlet.service(HttpServlet.java:634)
	at org.springframework.web.servlet.FrameworkServlet.service(FrameworkServlet.java:883)
	at javax.servlet.http.HttpServlet.service(HttpServlet.java:741)
	at org.apache.catalina.core.ApplicationFilterChain.internalDoFilter(ApplicationFilterChain.java:231)
	at org.apache.catalina.core.ApplicationFilterChain.doFilter(ApplicationFilterChain.java:166)
	at org.apache.tomcat.websocket.server.WsFilter.doFilter(WsFilter.java:53)
	at org.apache.catalina.core.ApplicationFilterChain.internalDoFilter(ApplicationFilterChain.java:193)
	at org.apache.catalina.core.ApplicationFilterChain.doFilter(ApplicationFilterChain.java:166)
	at org.springframework.web.filter.RequestContextFilter.doFilterInternal(RequestContextFilter.java:100)
	at org.springframework.web.filter.OncePerRequestFilter.doFilter(OncePerRequestFilter.java:119)
	at org.apache.catalina.core.ApplicationFilterChain.internalDoFilter(ApplicationFilterChain.java:193)
	at org.apache.catalina.core.ApplicationFilterChain.doFilter(ApplicationFilterChain.java:166)
	at org.springframework.web.filter.FormContentFilter.doFilterInternal(FormContentFilter.java:93)
	at org.springframework.web.filter.OncePerRequestFilter.doFilter(OncePerRequestFilter.java:119)
	at org.apache.catalina.core.ApplicationFilterChain.internalDoFilter(ApplicationFilterChain.java:193)
	at org.apache.catalina.core.ApplicationFilterChain.doFilter(ApplicationFilterChain.java:166)
	at org.springframework.web.filter.CharacterEncodingFilter.doFilterInternal(CharacterEncodingFilter.java:201)
	at org.springframework.web.filter.OncePerRequestFilter.doFilter(OncePerRequestFilter.java:119)
	at org.apache.catalina.core.ApplicationFilterChain.internalDoFilter(ApplicationFilterChain.java:193)
	at org.apache.catalina.core.ApplicationFilterChain.doFilter(ApplicationFilterChain.java:166)
	at org.apache.catalina.core.StandardWrapperValve.invoke(StandardWrapperValve.java:202)
	at org.apache.catalina.core.StandardContextValve.invoke(StandardContextValve.java:96)
	at org.apache.catalina.authenticator.AuthenticatorBase.invoke(AuthenticatorBase.java:541)
	at org.apache.catalina.core.StandardHostValve.invoke(StandardHostValve.java:139)
	at org.apache.catalina.valves.ErrorReportValve.invoke(ErrorReportValve.java:92)
	at org.apache.catalina.core.StandardEngineValve.invoke(StandardEngineValve.java:74)
	at org.apache.catalina.connector.CoyoteAdapter.service(CoyoteAdapter.java:343)
	at org.apache.coyote.http11.Http11Processor.service(Http11Processor.java:367)
	at org.apache.coyote.AbstractProcessorLight.process(AbstractProcessorLight.java:65)
	at org.apache.coyote.AbstractProtocol$ConnectionHandler.process(AbstractProtocol.java:860)
	at org.apache.tomcat.util.net.NioEndpoint$SocketProcessor.doRun(NioEndpoint.java:1598)
	at org.apache.tomcat.util.net.SocketProcessorBase.run(SocketProcessorBase.java:49)
	at java.util.concurrent.ThreadPoolExecutor.runWorker(ThreadPoolExecutor.java:1149)
	at java.util.concurrent.ThreadPoolExecutor$Worker.run(ThreadPoolExecutor.java:624)
	at org.apache.tomcat.util.threads.TaskThread$WrappingRunnable.run(TaskThread.java:61)
	at java.lang.Thread.run(Thread.java:748)
15:28:14.007 ERROR SqlExceptionHelper[logExceptions:142] - [http-nio-8081-exec-9]- traceId:[] - Cannot get a connection, general error
15:28:14.007 ERROR SqlExceptionHelper[logExceptions:142] - [http-nio-8081-exec-10]- traceId:[] - Cannot get a connection, general error
15:31:48.893 ERROR SqlExceptionHelper[logExceptions:142] - [http-nio-8081-exec-7]- traceId:[] - Cannot get a connection, general error
15:31:48.893 ERROR SqlExceptionHelper[logExceptions:142] - [http-nio-8081-exec-4]- traceId:[] - Cannot get a connection, general error
15:31:48.893 ERROR SqlExceptionHelper[logExceptions:142] - [http-nio-8081-exec-10]- traceId:[] - Cannot get a connection, general error
15:31:48.893 ERROR SqlExceptionHelper[logExceptions:142] - [http-nio-8081-exec-8]- traceId:[] - Cannot get a connection, general error
15:31:48.893 ERROR SqlExceptionHelper[logExceptions:142] - [http-nio-8081-exec-5]- traceId:[] - Cannot get a connection, general error
15:31:48.894 ERROR SqlExceptionHelper[logExceptions:142] - [http-nio-8081-exec-1]- traceId:[] - Cannot get a connection, general error
15:31:48.893 ERROR SqlExceptionHelper[logExceptions:142] - [http-nio-8081-exec-6]- traceId:[] - Cannot get a connection, general error
15:31:48.893 ERROR SqlExceptionHelper[logExceptions:142] - [http-nio-8081-exec-3]- traceId:[] - Cannot get a connection, general error
15:31:48.893 ERROR SqlExceptionHelper[logExceptions:142] - [http-nio-8081-exec-2]- traceId:[] - Cannot get a connection, general error
15:31:48.893 ERROR SqlExceptionHelper[logExceptions:142] - [http-nio-8081-exec-9]- traceId:[] - Cannot get a connection, general error
15:42:07.605 ERROR SqlExceptionHelper[logExceptions:142] - [http-nio-8081-exec-9]- traceId:[] - Cannot get a connection, general error
15:42:07.605 ERROR SqlExceptionHelper[logExceptions:142] - [http-nio-8081-exec-6]- traceId:[] - Cannot get a connection, general error
15:42:07.605 ERROR SqlExceptionHelper[logExceptions:142] - [http-nio-8081-exec-2]- traceId:[] - Cannot get a connection, general error
15:42:07.606 ERROR SqlExceptionHelper[logExceptions:142] - [http-nio-8081-exec-5]- traceId:[] - Cannot get a connection, general error
15:42:07.605 ERROR SqlExceptionHelper[logExceptions:142] - [http-nio-8081-exec-1]- traceId:[] - Cannot get a connection, general error
15:42:07.606 ERROR SqlExceptionHelper[logExceptions:142] - [http-nio-8081-exec-3]- traceId:[] - Cannot get a connection, general error
15:42:07.606 ERROR SqlExceptionHelper[logExceptions:142] - [http-nio-8081-exec-10]- traceId:[] - Cannot get a connection, general error
